<?xml version="1.0" encoding="UTF-8"?>
<testsuite name="testproject.AggregatorTest" tests="3" skipped="0" failures="0" errors="0" timestamp="2022-12-09T10:42:25" hostname="PC210-12" time="0.093">
  <properties/>
  <testcase name="testInitialState" classname="testproject.AggregatorTest" time="0.09"/>
  <testcase name="testMultipleAdditions" classname="testproject.AggregatorTest" time="0.001"/>
  <testcase name="testSingleAddition" classname="testproject.AggregatorTest" time="0.0"/>
  <system-out><![CDATA[]]></system-out>
  <system-err><![CDATA[]]></system-err>
</testsuite>
