<?xml version="1.0" encoding="UTF-8"?>
<testsuite name="testproject.CalculatorTest" tests="2" skipped="0" failures="0" errors="0" timestamp="2022-12-09T10:47:01" hostname="PC210-12" time="0.007">
  <properties/>
  <testcase name="testSum" classname="testproject.CalculatorTest" time="0.006"/>
  <testcase name="testSubtract" classname="testproject.CalculatorTest" time="0.001"/>
  <system-out><![CDATA[]]></system-out>
  <system-err><![CDATA[]]></system-err>
</testsuite>
